<?xml version="1.0" encoding="UTF-8"?>
<!-- Generated by org.testng.reporters.JUnitReportReporter -->
<testsuite skipped="0" hostname="nilmani-PC" name="basics.ParrallelTest" tests="3" failures="0" timestamp="12 Sep 2018 15:47:26 GMT" time="0.120" errors="0">
  <testcase name="loginApplication" time="0.057" classname="basics.ParrallelTest"/>
  <testcase name="logoutApplication" time="0.058" classname="basics.ParrallelTest"/>
  <testcase name="setUp" time="0.005" classname="basics.ParrallelTest"/>
</testsuite> <!-- basics.ParrallelTest -->
